E:\DEV\VISUALSTUDIO2012\WIN32\ALGORITHMS\EXTRA\TASK1A\DEBUG\MAIN.OBJ
E:\DEV\VISUALSTUDIO2012\WIN32\ALGORITHMS\EXTRA\TASK1A\DEBUG\VC110.PDB
E:\DEV\VISUALSTUDIO2012\WIN32\ALGORITHMS\EXTRA\TASK1A\DEBUG\TASK1A.OBJ
E:\DEV\VISUALSTUDIO2012\WIN32\ALGORITHMS\EXTRA\DEBUG\TASK1A.ILK
E:\DEV\VISUALSTUDIO2012\WIN32\ALGORITHMS\EXTRA\DEBUG\TASK1A.EXE
E:\DEV\VISUALSTUDIO2012\WIN32\ALGORITHMS\EXTRA\DEBUG\TASK1A.PDB
E:\DEV\VisualStudio2012\Win32\Algorithms\Extra\Task1A\Debug\Main.obj
E:\DEV\VisualStudio2012\Win32\Algorithms\Extra\Task1A\Debug\Task1A.obj
E:\DEV\VisualStudio2012\Win32\Algorithms\Extra\Task1A\Debug\cl.command.1.tlog
E:\DEV\VisualStudio2012\Win32\Algorithms\Extra\Task1A\Debug\CL.read.1.tlog
E:\DEV\VisualStudio2012\Win32\Algorithms\Extra\Task1A\Debug\CL.write.1.tlog
E:\DEV\VisualStudio2012\Win32\Algorithms\Extra\Task1A\Debug\link-cvtres.read.1.tlog
E:\DEV\VisualStudio2012\Win32\Algorithms\Extra\Task1A\Debug\link-cvtres.write.1.tlog
E:\DEV\VisualStudio2012\Win32\Algorithms\Extra\Task1A\Debug\link-rc.read.1.tlog
E:\DEV\VisualStudio2012\Win32\Algorithms\Extra\Task1A\Debug\link-rc.write.1.tlog
E:\DEV\VisualStudio2012\Win32\Algorithms\Extra\Task1A\Debug\link.3496-cvtres.read.1.tlog
E:\DEV\VisualStudio2012\Win32\Algorithms\Extra\Task1A\Debug\link.3496-cvtres.write.1.tlog
E:\DEV\VisualStudio2012\Win32\Algorithms\Extra\Task1A\Debug\link.3496-rc.read.1.tlog
E:\DEV\VisualStudio2012\Win32\Algorithms\Extra\Task1A\Debug\link.3496-rc.write.1.tlog
E:\DEV\VisualStudio2012\Win32\Algorithms\Extra\Task1A\Debug\link.3496.read.1.tlog
E:\DEV\VisualStudio2012\Win32\Algorithms\Extra\Task1A\Debug\link.3496.write.1.tlog
E:\DEV\VisualStudio2012\Win32\Algorithms\Extra\Task1A\Debug\link.3528-cvtres.read.1.tlog
E:\DEV\VisualStudio2012\Win32\Algorithms\Extra\Task1A\Debug\link.3528-cvtres.write.1.tlog
E:\DEV\VisualStudio2012\Win32\Algorithms\Extra\Task1A\Debug\link.3528-rc.read.1.tlog
E:\DEV\VisualStudio2012\Win32\Algorithms\Extra\Task1A\Debug\link.3528-rc.write.1.tlog
E:\DEV\VisualStudio2012\Win32\Algorithms\Extra\Task1A\Debug\link.3528.read.1.tlog
E:\DEV\VisualStudio2012\Win32\Algorithms\Extra\Task1A\Debug\link.3528.write.1.tlog
E:\DEV\VisualStudio2012\Win32\Algorithms\Extra\Task1A\Debug\link.command.1.tlog
E:\DEV\VisualStudio2012\Win32\Algorithms\Extra\Task1A\Debug\link.read.1.tlog
E:\DEV\VisualStudio2012\Win32\Algorithms\Extra\Task1A\Debug\link.write.1.tlog
E:\DEV\VisualStudio2012\Win32\Algorithms\Extra\Task1A\Debug\vc110.idb
E:\DEV\VisualStudio2012\Win32\Algorithms\Extra\Task1A\Debug\vc110.pdb
