E:\DEV\VISUALSTUDIO2012\WIN32\ALGORITHMS\EXTRA\TASK1B\DEBUG\VC110.PDB
E:\DEV\VISUALSTUDIO2012\WIN32\ALGORITHMS\EXTRA\TASK1B\DEBUG\MAIN.OBJ
E:\DEV\VISUALSTUDIO2012\WIN32\ALGORITHMS\EXTRA\DEBUG\TASK1B.ILK
E:\DEV\VISUALSTUDIO2012\WIN32\ALGORITHMS\EXTRA\DEBUG\TASK1B.EXE
E:\DEV\VISUALSTUDIO2012\WIN32\ALGORITHMS\EXTRA\DEBUG\TASK1B.PDB
E:\DEV\VisualStudio2012\Win32\Algorithms\Extra\Task1B\Debug\Main.obj
E:\DEV\VisualStudio2012\Win32\Algorithms\Extra\Task1B\Debug\cl.command.1.tlog
E:\DEV\VisualStudio2012\Win32\Algorithms\Extra\Task1B\Debug\CL.read.1.tlog
E:\DEV\VisualStudio2012\Win32\Algorithms\Extra\Task1B\Debug\CL.write.1.tlog
E:\DEV\VisualStudio2012\Win32\Algorithms\Extra\Task1B\Debug\link-cvtres.read.1.tlog
E:\DEV\VisualStudio2012\Win32\Algorithms\Extra\Task1B\Debug\link-cvtres.write.1.tlog
E:\DEV\VisualStudio2012\Win32\Algorithms\Extra\Task1B\Debug\link-rc.read.1.tlog
E:\DEV\VisualStudio2012\Win32\Algorithms\Extra\Task1B\Debug\link-rc.write.1.tlog
E:\DEV\VisualStudio2012\Win32\Algorithms\Extra\Task1B\Debug\link.2952-cvtres.read.1.tlog
E:\DEV\VisualStudio2012\Win32\Algorithms\Extra\Task1B\Debug\link.2952-cvtres.write.1.tlog
E:\DEV\VisualStudio2012\Win32\Algorithms\Extra\Task1B\Debug\link.2952-rc.read.1.tlog
E:\DEV\VisualStudio2012\Win32\Algorithms\Extra\Task1B\Debug\link.2952-rc.write.1.tlog
E:\DEV\VisualStudio2012\Win32\Algorithms\Extra\Task1B\Debug\link.2952.read.1.tlog
E:\DEV\VisualStudio2012\Win32\Algorithms\Extra\Task1B\Debug\link.2952.write.1.tlog
E:\DEV\VisualStudio2012\Win32\Algorithms\Extra\Task1B\Debug\link.2980-cvtres.read.1.tlog
E:\DEV\VisualStudio2012\Win32\Algorithms\Extra\Task1B\Debug\link.2980-cvtres.write.1.tlog
E:\DEV\VisualStudio2012\Win32\Algorithms\Extra\Task1B\Debug\link.2980-rc.read.1.tlog
E:\DEV\VisualStudio2012\Win32\Algorithms\Extra\Task1B\Debug\link.2980-rc.write.1.tlog
E:\DEV\VisualStudio2012\Win32\Algorithms\Extra\Task1B\Debug\link.2980.read.1.tlog
E:\DEV\VisualStudio2012\Win32\Algorithms\Extra\Task1B\Debug\link.2980.write.1.tlog
E:\DEV\VisualStudio2012\Win32\Algorithms\Extra\Task1B\Debug\link.command.1.tlog
E:\DEV\VisualStudio2012\Win32\Algorithms\Extra\Task1B\Debug\link.read.1.tlog
E:\DEV\VisualStudio2012\Win32\Algorithms\Extra\Task1B\Debug\link.write.1.tlog
E:\DEV\VisualStudio2012\Win32\Algorithms\Extra\Task1B\Debug\vc110.idb
E:\DEV\VisualStudio2012\Win32\Algorithms\Extra\Task1B\Debug\vc110.pdb
