C:\USERS\VLAD SERHIIENKO\DOCUMENTS\VISUAL STUDIO 2012\PROJECTS\LABWORKS\CODECS\CXXWINRTTEMPLATE1\DEBUG\HUFFALPHABET.OBJ
C:\USERS\VLAD SERHIIENKO\DOCUMENTS\VISUAL STUDIO 2012\PROJECTS\LABWORKS\CODECS\CXXWINRTTEMPLATE1\DEBUG\BASICRWASYNC.OBJ
C:\USERS\VLAD SERHIIENKO\DOCUMENTS\VISUAL STUDIO 2012\PROJECTS\LABWORKS\CODECS\CXXWINRTTEMPLATE1\DEBUG\BASICALPHABET.OBJ
C:\USERS\VLAD SERHIIENKO\DOCUMENTS\VISUAL STUDIO 2012\PROJECTS\LABWORKS\CODECS\CXXWINRTTEMPLATE1\DEBUG\BASICINDATA.OBJ
C:\USERS\VLAD SERHIIENKO\DOCUMENTS\VISUAL STUDIO 2012\PROJECTS\LABWORKS\CODECS\CXXWINRTTEMPLATE1\DEBUG\SHAFALPHABET.OBJ
C:\USERS\VLAD SERHIIENKO\DOCUMENTS\VISUAL STUDIO 2012\PROJECTS\LABWORKS\CODECS\CXXWINRTTEMPLATE1\DEBUG\VC110.PDB
C:\USERS\VLAD SERHIIENKO\DOCUMENTS\VISUAL STUDIO 2012\PROJECTS\LABWORKS\CODECS\CXXWINRTTEMPLATE1\DEBUG\REFTEMPLATE.OBJ
C:\Users\Vlad Serhiienko\Documents\Visual Studio 2012\Projects\Labworks\Codecs\CxxWinRTTemplate1\Debug\CxxWinRTTemplate1.vcxprojResolveAssemblyReference.cache
C:\Users\Vlad Serhiienko\Documents\Visual Studio 2012\Projects\Labworks\Codecs\CxxWinRTTemplate1\Debug\priconfig.xml.intermediate
C:\Users\Vlad Serhiienko\Documents\Visual Studio 2012\Projects\Labworks\Codecs\CxxWinRTTemplate1\Debug\layout.resfiles.intermediate
C:\Users\Vlad Serhiienko\Documents\Visual Studio 2012\Projects\Labworks\Codecs\CxxWinRTTemplate1\Debug\resources.resfiles.intermediate
C:\Users\Vlad Serhiienko\Documents\Visual Studio 2012\Projects\Labworks\Codecs\CxxWinRTTemplate1\Debug\pri.resfiles.intermediate
C:\Users\Vlad Serhiienko\Documents\Visual Studio 2012\Projects\Labworks\Codecs\CxxWinRTTemplate1\Debug\priconfig.xml
C:\Users\Vlad Serhiienko\Documents\Visual Studio 2012\Projects\Labworks\Codecs\CxxWinRTTemplate1\Debug\layout.resfiles
C:\Users\Vlad Serhiienko\Documents\Visual Studio 2012\Projects\Labworks\Codecs\CxxWinRTTemplate1\Debug\resources.resfiles
C:\Users\Vlad Serhiienko\Documents\Visual Studio 2012\Projects\Labworks\Codecs\CxxWinRTTemplate1\Debug\pri.resfiles
C:\Users\Vlad Serhiienko\Documents\Visual Studio 2012\Projects\Labworks\Codecs\Debug\CxxWinRTTemplate1\CxxWinRTTemplate1.pri
C:\Users\Vlad Serhiienko\Documents\Visual Studio 2012\Projects\Labworks\Codecs\CxxWinRTTemplate1\Debug\LanguageQualifiers.txt
C:\USERS\VLAD SERHIIENKO\DOCUMENTS\VISUAL STUDIO 2012\PROJECTS\LABWORKS\CODECS\DEBUG\CXXWINRTTEMPLATE1\CXXCONSOLEAPPLICATION1.ILK
C:\USERS\VLAD SERHIIENKO\DOCUMENTS\VISUAL STUDIO 2012\PROJECTS\LABWORKS\CODECS\DEBUG\CXXWINRTTEMPLATE1\CXXCONSOLEAPPLICATION1.EXE
C:\USERS\VLAD SERHIIENKO\DOCUMENTS\VISUAL STUDIO 2012\PROJECTS\LABWORKS\CODECS\DEBUG\CXXWINRTTEMPLATE1\CXXWINRTTEMPLATE1.WINMD
C:\USERS\VLAD SERHIIENKO\DOCUMENTS\VISUAL STUDIO 2012\PROJECTS\LABWORKS\CODECS\DEBUG\CXXWINRTTEMPLATE1\CXXCONSOLEAPPLICATION1.PDB
C:\Users\Vlad Serhiienko\Documents\Visual Studio 2012\Projects\Labworks\Codecs\CxxWinRTTemplate1\Debug\basicalphabet.obj
C:\Users\Vlad Serhiienko\Documents\Visual Studio 2012\Projects\Labworks\Codecs\CxxWinRTTemplate1\Debug\basicindata.obj
C:\Users\Vlad Serhiienko\Documents\Visual Studio 2012\Projects\Labworks\Codecs\CxxWinRTTemplate1\Debug\basicrwasync.obj
C:\Users\Vlad Serhiienko\Documents\Visual Studio 2012\Projects\Labworks\Codecs\CxxWinRTTemplate1\Debug\huffalphabet.obj
C:\Users\Vlad Serhiienko\Documents\Visual Studio 2012\Projects\Labworks\Codecs\CxxWinRTTemplate1\Debug\RefTemplate.obj
C:\Users\Vlad Serhiienko\Documents\Visual Studio 2012\Projects\Labworks\Codecs\CxxWinRTTemplate1\Debug\shafalphabet.obj
C:\Users\Vlad Serhiienko\Documents\Visual Studio 2012\Projects\Labworks\Codecs\CxxWinRTTemplate1\Debug\CL.4264.read.1.tlog
C:\Users\Vlad Serhiienko\Documents\Visual Studio 2012\Projects\Labworks\Codecs\CxxWinRTTemplate1\Debug\CL.4264.write.1.tlog
C:\Users\Vlad Serhiienko\Documents\Visual Studio 2012\Projects\Labworks\Codecs\CxxWinRTTemplate1\Debug\CL.4280.read.1.tlog
C:\Users\Vlad Serhiienko\Documents\Visual Studio 2012\Projects\Labworks\Codecs\CxxWinRTTemplate1\Debug\CL.4280.write.1.tlog
C:\Users\Vlad Serhiienko\Documents\Visual Studio 2012\Projects\Labworks\Codecs\CxxWinRTTemplate1\Debug\CL.4284.read.1.tlog
C:\Users\Vlad Serhiienko\Documents\Visual Studio 2012\Projects\Labworks\Codecs\CxxWinRTTemplate1\Debug\CL.4284.write.1.tlog
C:\Users\Vlad Serhiienko\Documents\Visual Studio 2012\Projects\Labworks\Codecs\CxxWinRTTemplate1\Debug\CL.4500.read.1.tlog
C:\Users\Vlad Serhiienko\Documents\Visual Studio 2012\Projects\Labworks\Codecs\CxxWinRTTemplate1\Debug\CL.4500.write.1.tlog
C:\Users\Vlad Serhiienko\Documents\Visual Studio 2012\Projects\Labworks\Codecs\CxxWinRTTemplate1\Debug\cl.command.1.tlog
C:\Users\Vlad Serhiienko\Documents\Visual Studio 2012\Projects\Labworks\Codecs\CxxWinRTTemplate1\Debug\CL.read.1.tlog
C:\Users\Vlad Serhiienko\Documents\Visual Studio 2012\Projects\Labworks\Codecs\CxxWinRTTemplate1\Debug\CL.write.1.tlog
C:\Users\Vlad Serhiienko\Documents\Visual Studio 2012\Projects\Labworks\Codecs\CxxWinRTTemplate1\Debug\CxxConsoleApplication1.read.1.tlog
C:\Users\Vlad Serhiienko\Documents\Visual Studio 2012\Projects\Labworks\Codecs\CxxWinRTTemplate1\Debug\CxxConsoleApplication1.write.1.tlog
C:\Users\Vlad Serhiienko\Documents\Visual Studio 2012\Projects\Labworks\Codecs\CxxWinRTTemplate1\Debug\link.command.1.tlog
C:\Users\Vlad Serhiienko\Documents\Visual Studio 2012\Projects\Labworks\Codecs\CxxWinRTTemplate1\Debug\link.read.1.tlog
C:\Users\Vlad Serhiienko\Documents\Visual Studio 2012\Projects\Labworks\Codecs\CxxWinRTTemplate1\Debug\link.write.1.tlog
C:\Users\Vlad Serhiienko\Documents\Visual Studio 2012\Projects\Labworks\Codecs\CxxWinRTTemplate1\Debug\vc110.idb
C:\Users\Vlad Serhiienko\Documents\Visual Studio 2012\Projects\Labworks\Codecs\CxxWinRTTemplate1\Debug\vc110.pdb
C:\Users\Vlad Serhiienko\Documents\Visual Studio 2012\Projects\Labworks\Codecs\Debug\CxxWinRTTemplate1\CxxConsoleApplication1.pdb
C:\Users\Vlad Serhiienko\Documents\Visual Studio 2012\Projects\Labworks\Codecs\Debug\CxxWinRTTemplate1\CxxConsoleApplication1.ilk
