C:\USERS\VLAD SERHIIENKO\DOCUMENTS\VISUAL STUDIO 2012\PROJECTS\TEAMPROJECTS\LABWORKS\TFS\TRANSPORTSALESMANPROBLEM\MATHFUNCSDLL\DEBUG\MATHFUNCSDLL.PCH
C:\USERS\VLAD SERHIIENKO\DOCUMENTS\VISUAL STUDIO 2012\PROJECTS\TEAMPROJECTS\LABWORKS\TFS\TRANSPORTSALESMANPROBLEM\MATHFUNCSDLL\DEBUG\STDAFX.OBJ
C:\USERS\VLAD SERHIIENKO\DOCUMENTS\VISUAL STUDIO 2012\PROJECTS\TEAMPROJECTS\LABWORKS\TFS\TRANSPORTSALESMANPROBLEM\MATHFUNCSDLL\DEBUG\VC110.PDB
C:\USERS\VLAD SERHIIENKO\DOCUMENTS\VISUAL STUDIO 2012\PROJECTS\TEAMPROJECTS\LABWORKS\TFS\TRANSPORTSALESMANPROBLEM\MATHFUNCSDLL\DEBUG\DLLMAIN.OBJ
C:\USERS\VLAD SERHIIENKO\DOCUMENTS\VISUAL STUDIO 2012\PROJECTS\TEAMPROJECTS\LABWORKS\TFS\TRANSPORTSALESMANPROBLEM\MATHFUNCSDLL\DEBUG\MATHFUNCSDLL.OBJ
C:\USERS\VLAD SERHIIENKO\DOCUMENTS\VISUAL STUDIO 2012\PROJECTS\TEAMPROJECTS\LABWORKS\TFS\TRANSPORTSALESMANPROBLEM\DEBUG\MATHFUNCSDLL.ILK
C:\USERS\VLAD SERHIIENKO\DOCUMENTS\VISUAL STUDIO 2012\PROJECTS\TEAMPROJECTS\LABWORKS\TFS\TRANSPORTSALESMANPROBLEM\DEBUG\MATHFUNCSDLL.DLL
C:\USERS\VLAD SERHIIENKO\DOCUMENTS\VISUAL STUDIO 2012\PROJECTS\TEAMPROJECTS\LABWORKS\TFS\TRANSPORTSALESMANPROBLEM\DEBUG\MATHFUNCSDLL.PDB
C:\Users\Vlad Serhiienko\Documents\Visual Studio 2012\Projects\TeamProjects\Labworks\Tfs\TransportSalesmanProblem\Debug\MathFuncsDll.lib
C:\Users\Vlad Serhiienko\Documents\Visual Studio 2012\Projects\TeamProjects\Labworks\Tfs\TransportSalesmanProblem\Debug\MathFuncsDll.exp
C:\Users\Vlad Serhiienko\Documents\Visual Studio 2012\Projects\TeamProjects\Labworks\Tfs\TransportSalesmanProblem\MathFuncsDll\Debug\dllmain.obj
C:\Users\Vlad Serhiienko\Documents\Visual Studio 2012\Projects\TeamProjects\Labworks\Tfs\TransportSalesmanProblem\MathFuncsDll\Debug\MathFuncsDll.obj
C:\Users\Vlad Serhiienko\Documents\Visual Studio 2012\Projects\TeamProjects\Labworks\Tfs\TransportSalesmanProblem\MathFuncsDll\Debug\stdafx.obj
C:\Users\Vlad Serhiienko\Documents\Visual Studio 2012\Projects\TeamProjects\Labworks\Tfs\TransportSalesmanProblem\MathFuncsDll\Debug\cl.command.1.tlog
C:\Users\Vlad Serhiienko\Documents\Visual Studio 2012\Projects\TeamProjects\Labworks\Tfs\TransportSalesmanProblem\MathFuncsDll\Debug\CL.read.1.tlog
C:\Users\Vlad Serhiienko\Documents\Visual Studio 2012\Projects\TeamProjects\Labworks\Tfs\TransportSalesmanProblem\MathFuncsDll\Debug\CL.write.1.tlog
C:\Users\Vlad Serhiienko\Documents\Visual Studio 2012\Projects\TeamProjects\Labworks\Tfs\TransportSalesmanProblem\MathFuncsDll\Debug\link-cvtres.read.1.tlog
C:\Users\Vlad Serhiienko\Documents\Visual Studio 2012\Projects\TeamProjects\Labworks\Tfs\TransportSalesmanProblem\MathFuncsDll\Debug\link-cvtres.write.1.tlog
C:\Users\Vlad Serhiienko\Documents\Visual Studio 2012\Projects\TeamProjects\Labworks\Tfs\TransportSalesmanProblem\MathFuncsDll\Debug\link-rc.read.1.tlog
C:\Users\Vlad Serhiienko\Documents\Visual Studio 2012\Projects\TeamProjects\Labworks\Tfs\TransportSalesmanProblem\MathFuncsDll\Debug\link-rc.write.1.tlog
C:\Users\Vlad Serhiienko\Documents\Visual Studio 2012\Projects\TeamProjects\Labworks\Tfs\TransportSalesmanProblem\MathFuncsDll\Debug\link.command.1.tlog
C:\Users\Vlad Serhiienko\Documents\Visual Studio 2012\Projects\TeamProjects\Labworks\Tfs\TransportSalesmanProblem\MathFuncsDll\Debug\link.read.1.tlog
C:\Users\Vlad Serhiienko\Documents\Visual Studio 2012\Projects\TeamProjects\Labworks\Tfs\TransportSalesmanProblem\MathFuncsDll\Debug\link.write.1.tlog
C:\Users\Vlad Serhiienko\Documents\Visual Studio 2012\Projects\TeamProjects\Labworks\Tfs\TransportSalesmanProblem\MathFuncsDll\Debug\MathFuncsDll.write.1.tlog
C:\Users\Vlad Serhiienko\Documents\Visual Studio 2012\Projects\TeamProjects\Labworks\Tfs\TransportSalesmanProblem\MathFuncsDll\Debug\MathFuncsDll.pch
C:\Users\Vlad Serhiienko\Documents\Visual Studio 2012\Projects\TeamProjects\Labworks\Tfs\TransportSalesmanProblem\MathFuncsDll\Debug\vc110.idb
C:\Users\Vlad Serhiienko\Documents\Visual Studio 2012\Projects\TeamProjects\Labworks\Tfs\TransportSalesmanProblem\MathFuncsDll\Debug\vc110.pdb
C:\Users\Vlad Serhiienko\Documents\Visual Studio 2012\Projects\TeamProjects\Labworks\Tfs\TransportSalesmanProblem\Debug\MathFuncsDll.pdb
C:\Users\Vlad Serhiienko\Documents\Visual Studio 2012\Projects\TeamProjects\Labworks\Tfs\TransportSalesmanProblem\Debug\MathFuncsDll.dll
C:\Users\Vlad Serhiienko\Documents\Visual Studio 2012\Projects\TeamProjects\Labworks\Tfs\TransportSalesmanProblem\Debug\MathFuncsDll.ilk
