C:\USERS\VLAD SERHIIENKO\DOCUMENTS\VISUAL STUDIO 2012\PROJECTS\TEAMPROJECTS\LABWORKS\TFS\TRANSPORTSALESMANPROBLEM\SOLVER\DEBUG\VC110.PDB
C:\USERS\VLAD SERHIIENKO\DOCUMENTS\VISUAL STUDIO 2012\PROJECTS\TEAMPROJECTS\LABWORKS\TFS\TRANSPORTSALESMANPROBLEM\SOLVER\DEBUG\MAIN.OBJ
C:\USERS\VLAD SERHIIENKO\DOCUMENTS\VISUAL STUDIO 2012\PROJECTS\TEAMPROJECTS\LABWORKS\TFS\TRANSPORTSALESMANPROBLEM\DEBUG\SOLVER.ILK
C:\USERS\VLAD SERHIIENKO\DOCUMENTS\VISUAL STUDIO 2012\PROJECTS\TEAMPROJECTS\LABWORKS\TFS\TRANSPORTSALESMANPROBLEM\DEBUG\SOLVER.EXE
C:\USERS\VLAD SERHIIENKO\DOCUMENTS\VISUAL STUDIO 2012\PROJECTS\TEAMPROJECTS\LABWORKS\TFS\TRANSPORTSALESMANPROBLEM\DEBUG\SOLVER.PDB
C:\Users\Vlad Serhiienko\Documents\Visual Studio 2012\Projects\TeamProjects\Labworks\Tfs\TransportSalesmanProblem\Solver\Debug\main.obj
C:\Users\Vlad Serhiienko\Documents\Visual Studio 2012\Projects\TeamProjects\Labworks\Tfs\TransportSalesmanProblem\Solver\Debug\cl.command.1.tlog
C:\Users\Vlad Serhiienko\Documents\Visual Studio 2012\Projects\TeamProjects\Labworks\Tfs\TransportSalesmanProblem\Solver\Debug\CL.read.1.tlog
C:\Users\Vlad Serhiienko\Documents\Visual Studio 2012\Projects\TeamProjects\Labworks\Tfs\TransportSalesmanProblem\Solver\Debug\CL.write.1.tlog
C:\Users\Vlad Serhiienko\Documents\Visual Studio 2012\Projects\TeamProjects\Labworks\Tfs\TransportSalesmanProblem\Solver\Debug\link-cvtres.read.1.tlog
C:\Users\Vlad Serhiienko\Documents\Visual Studio 2012\Projects\TeamProjects\Labworks\Tfs\TransportSalesmanProblem\Solver\Debug\link-cvtres.write.1.tlog
C:\Users\Vlad Serhiienko\Documents\Visual Studio 2012\Projects\TeamProjects\Labworks\Tfs\TransportSalesmanProblem\Solver\Debug\link-rc.read.1.tlog
C:\Users\Vlad Serhiienko\Documents\Visual Studio 2012\Projects\TeamProjects\Labworks\Tfs\TransportSalesmanProblem\Solver\Debug\link-rc.write.1.tlog
C:\Users\Vlad Serhiienko\Documents\Visual Studio 2012\Projects\TeamProjects\Labworks\Tfs\TransportSalesmanProblem\Solver\Debug\link.command.1.tlog
C:\Users\Vlad Serhiienko\Documents\Visual Studio 2012\Projects\TeamProjects\Labworks\Tfs\TransportSalesmanProblem\Solver\Debug\link.read.1.tlog
C:\Users\Vlad Serhiienko\Documents\Visual Studio 2012\Projects\TeamProjects\Labworks\Tfs\TransportSalesmanProblem\Solver\Debug\link.write.1.tlog
C:\Users\Vlad Serhiienko\Documents\Visual Studio 2012\Projects\TeamProjects\Labworks\Tfs\TransportSalesmanProblem\Solver\Debug\vc110.idb
C:\Users\Vlad Serhiienko\Documents\Visual Studio 2012\Projects\TeamProjects\Labworks\Tfs\TransportSalesmanProblem\Solver\Debug\vc110.pdb
C:\Users\Vlad Serhiienko\Documents\Visual Studio 2012\Projects\TeamProjects\Labworks\Tfs\TransportSalesmanProblem\Debug\Solver.pdb
C:\Users\Vlad Serhiienko\Documents\Visual Studio 2012\Projects\TeamProjects\Labworks\Tfs\TransportSalesmanProblem\Debug\Solver.exe
C:\Users\Vlad Serhiienko\Documents\Visual Studio 2012\Projects\TeamProjects\Labworks\Tfs\TransportSalesmanProblem\Debug\Solver.ilk
