C:\Users\Vlad\Documents\Visual Studio 2012\Projects\Juniherz\Encoding\JuniherzEncoding\Debug\Labwork1\AppxManifest.xml
C:\Users\Vlad\Documents\Visual Studio 2012\Projects\Juniherz\Encoding\JuniherzEncoding\Debug\Labwork1\Labwork1.build.appxrecipe
C:\USERS\VLAD\DOCUMENTS\VISUAL STUDIO 2012\PROJECTS\JUNIHERZ\ENCODING\JUNIHERZENCODING\DEBUG\LABWORK1\LABWORK1.EXE
C:\Users\Vlad\Documents\Visual Studio 2012\Projects\Juniherz\Encoding\JuniherzEncoding\Debug\Labwork1\Labwork1.exp
C:\USERS\VLAD\DOCUMENTS\VISUAL STUDIO 2012\PROJECTS\JUNIHERZ\ENCODING\JUNIHERZENCODING\DEBUG\LABWORK1\LABWORK1.ILK
C:\Users\Vlad\Documents\Visual Studio 2012\Projects\Juniherz\Encoding\JuniherzEncoding\Debug\Labwork1\Labwork1.lib
C:\USERS\VLAD\DOCUMENTS\VISUAL STUDIO 2012\PROJECTS\JUNIHERZ\ENCODING\JUNIHERZENCODING\DEBUG\LABWORK1\LABWORK1.PDB
C:\USERS\VLAD\DOCUMENTS\VISUAL STUDIO 2012\PROJECTS\JUNIHERZ\ENCODING\JUNIHERZENCODING\DEBUG\LABWORK1\LABWORK1.WINMD
C:\Users\Vlad\Documents\Visual Studio 2012\Projects\Juniherz\Encoding\JuniherzEncoding\Debug\Labwork1\resources.pri
C:\Users\Vlad\Documents\Visual Studio 2012\Projects\Juniherz\Encoding\JuniherzEncoding\Labwork1\Debug\App.g.h
C:\Users\Vlad\Documents\Visual Studio 2012\Projects\Juniherz\Encoding\JuniherzEncoding\Labwork1\Debug\App.g.hpp
C:\Users\Vlad\Documents\Visual Studio 2012\Projects\Juniherz\Encoding\JuniherzEncoding\Labwork1\Debug\App.xaml
C:\USERS\VLAD\DOCUMENTS\VISUAL STUDIO 2012\PROJECTS\JUNIHERZ\ENCODING\JUNIHERZENCODING\LABWORK1\DEBUG\APP.XAML.OBJ
C:\USERS\VLAD\DOCUMENTS\VISUAL STUDIO 2012\PROJECTS\JUNIHERZ\ENCODING\JUNIHERZENCODING\LABWORK1\DEBUG\BASICALPHABET.OBJ
C:\USERS\VLAD\DOCUMENTS\VISUAL STUDIO 2012\PROJECTS\JUNIHERZ\ENCODING\JUNIHERZENCODING\LABWORK1\DEBUG\BASICCODEC.OBJ
C:\USERS\VLAD\DOCUMENTS\VISUAL STUDIO 2012\PROJECTS\JUNIHERZ\ENCODING\JUNIHERZENCODING\LABWORK1\DEBUG\BASICINDATA.OBJ
C:\USERS\VLAD\DOCUMENTS\VISUAL STUDIO 2012\PROJECTS\JUNIHERZ\ENCODING\JUNIHERZENCODING\LABWORK1\DEBUG\BASICRWASYNC.OBJ
C:\Users\Vlad\Documents\Visual Studio 2012\Projects\Juniherz\Encoding\JuniherzEncoding\Labwork1\Debug\CL.2552.read.1.tlog
C:\Users\Vlad\Documents\Visual Studio 2012\Projects\Juniherz\Encoding\JuniherzEncoding\Labwork1\Debug\CL.2552.write.1.tlog
C:\Users\Vlad\Documents\Visual Studio 2012\Projects\Juniherz\Encoding\JuniherzEncoding\Labwork1\Debug\CL.2824.read.1.tlog
C:\Users\Vlad\Documents\Visual Studio 2012\Projects\Juniherz\Encoding\JuniherzEncoding\Labwork1\Debug\CL.2824.write.1.tlog
C:\Users\Vlad\Documents\Visual Studio 2012\Projects\Juniherz\Encoding\JuniherzEncoding\Labwork1\Debug\CL.3552.read.1.tlog
C:\Users\Vlad\Documents\Visual Studio 2012\Projects\Juniherz\Encoding\JuniherzEncoding\Labwork1\Debug\CL.3552.write.1.tlog
C:\Users\Vlad\Documents\Visual Studio 2012\Projects\Juniherz\Encoding\JuniherzEncoding\Labwork1\Debug\CL.392.read.1.tlog
C:\Users\Vlad\Documents\Visual Studio 2012\Projects\Juniherz\Encoding\JuniherzEncoding\Labwork1\Debug\CL.392.write.1.tlog
C:\Users\Vlad\Documents\Visual Studio 2012\Projects\Juniherz\Encoding\JuniherzEncoding\Labwork1\Debug\cl.command.1.tlog
C:\Users\Vlad\Documents\Visual Studio 2012\Projects\Juniherz\Encoding\JuniherzEncoding\Labwork1\Debug\CL.read.1.tlog
C:\Users\Vlad\Documents\Visual Studio 2012\Projects\Juniherz\Encoding\JuniherzEncoding\Labwork1\Debug\CL.write.1.tlog
C:\Users\Vlad\Documents\Visual Studio 2012\Projects\Juniherz\Encoding\JuniherzEncoding\Labwork1\Debug\Common\StandardStyles.g.h
C:\Users\Vlad\Documents\Visual Studio 2012\Projects\Juniherz\Encoding\JuniherzEncoding\Labwork1\Debug\Common\StandardStyles.xaml
C:\USERS\VLAD\DOCUMENTS\VISUAL STUDIO 2012\PROJECTS\JUNIHERZ\ENCODING\JUNIHERZENCODING\LABWORK1\DEBUG\HUFFALPHABET.OBJ
C:\USERS\VLAD\DOCUMENTS\VISUAL STUDIO 2012\PROJECTS\JUNIHERZ\ENCODING\JUNIHERZENCODING\LABWORK1\DEBUG\LABWORK1.PCH
C:\Users\Vlad\Documents\Visual Studio 2012\Projects\Juniherz\Encoding\JuniherzEncoding\Labwork1\Debug\Labwork1.read.1.tlog
C:\Users\Vlad\Documents\Visual Studio 2012\Projects\Juniherz\Encoding\JuniherzEncoding\Labwork1\Debug\Labwork1.write.1.tlog
C:\Users\Vlad\Documents\Visual Studio 2012\Projects\Juniherz\Encoding\JuniherzEncoding\Labwork1\Debug\LanguageQualifiers.txt
C:\Users\Vlad\Documents\Visual Studio 2012\Projects\Juniherz\Encoding\JuniherzEncoding\Labwork1\Debug\layout.resfiles
C:\Users\Vlad\Documents\Visual Studio 2012\Projects\Juniherz\Encoding\JuniherzEncoding\Labwork1\Debug\layout.resfiles.intermediate
C:\Users\Vlad\Documents\Visual Studio 2012\Projects\Juniherz\Encoding\JuniherzEncoding\Labwork1\Debug\link.command.1.tlog
C:\Users\Vlad\Documents\Visual Studio 2012\Projects\Juniherz\Encoding\JuniherzEncoding\Labwork1\Debug\link.read.1.tlog
C:\Users\Vlad\Documents\Visual Studio 2012\Projects\Juniherz\Encoding\JuniherzEncoding\Labwork1\Debug\link.write.1.tlog
C:\Users\Vlad\Documents\Visual Studio 2012\Projects\Juniherz\Encoding\JuniherzEncoding\Labwork1\Debug\MainPage.g.h
C:\Users\Vlad\Documents\Visual Studio 2012\Projects\Juniherz\Encoding\JuniherzEncoding\Labwork1\Debug\MainPage.g.hpp
C:\Users\Vlad\Documents\Visual Studio 2012\Projects\Juniherz\Encoding\JuniherzEncoding\Labwork1\Debug\MainPage.xaml
C:\USERS\VLAD\DOCUMENTS\VISUAL STUDIO 2012\PROJECTS\JUNIHERZ\ENCODING\JUNIHERZENCODING\LABWORK1\DEBUG\MAINPAGE.XAML.OBJ
C:\USERS\VLAD\DOCUMENTS\VISUAL STUDIO 2012\PROJECTS\JUNIHERZ\ENCODING\JUNIHERZENCODING\LABWORK1\DEBUG\PCH.OBJ
C:\Users\Vlad\Documents\Visual Studio 2012\Projects\Juniherz\Encoding\JuniherzEncoding\Labwork1\Debug\pri.resfiles
C:\Users\Vlad\Documents\Visual Studio 2012\Projects\Juniherz\Encoding\JuniherzEncoding\Labwork1\Debug\pri.resfiles.intermediate
C:\Users\Vlad\Documents\Visual Studio 2012\Projects\Juniherz\Encoding\JuniherzEncoding\Labwork1\Debug\priconfig.xml
C:\Users\Vlad\Documents\Visual Studio 2012\Projects\Juniherz\Encoding\JuniherzEncoding\Labwork1\Debug\priconfig.xml.intermediate
C:\Users\Vlad\Documents\Visual Studio 2012\Projects\Juniherz\Encoding\JuniherzEncoding\Labwork1\Debug\ProjectArchitectures.txt
C:\Users\Vlad\Documents\Visual Studio 2012\Projects\Juniherz\Encoding\JuniherzEncoding\Labwork1\Debug\resources.resfiles
C:\Users\Vlad\Documents\Visual Studio 2012\Projects\Juniherz\Encoding\JuniherzEncoding\Labwork1\Debug\resources.resfiles.intermediate
C:\USERS\VLAD\DOCUMENTS\VISUAL STUDIO 2012\PROJECTS\JUNIHERZ\ENCODING\JUNIHERZENCODING\LABWORK1\DEBUG\SHAFALPHABET.OBJ
C:\Users\Vlad\Documents\Visual Studio 2012\Projects\Juniherz\Encoding\JuniherzEncoding\Labwork1\Debug\vc110.idb
C:\USERS\VLAD\DOCUMENTS\VISUAL STUDIO 2012\PROJECTS\JUNIHERZ\ENCODING\JUNIHERZENCODING\LABWORK1\DEBUG\VC110.PDB
C:\Users\Vlad\Documents\Visual Studio 2012\Projects\Juniherz\Encoding\JuniherzEncoding\Labwork1\Debug\XamlLibMetadataProvider.g.cpp
C:\Users\Vlad\Documents\Visual Studio 2012\Projects\Juniherz\Encoding\JuniherzEncoding\Labwork1\Debug\XamlTypeInfo.g.cpp
C:\Users\Vlad\Documents\Visual Studio 2012\Projects\Juniherz\Encoding\JuniherzEncoding\Labwork1\Debug\XamlTypeInfo.g.h
C:\USERS\VLAD\DOCUMENTS\VISUAL STUDIO 2012\PROJECTS\JUNIHERZ\ENCODING\JUNIHERZENCODING\LABWORK1\DEBUG\XAMLTYPEINFO.G.OBJ
C:\Users\Vlad\Documents\Visual Studio 2012\Projects\Juniherz\Encoding\JuniherzEncoding\Labwork1\Debug\XamlTypeInfo.Impl.g.cpp
C:\USERS\VLAD\DOCUMENTS\VISUAL STUDIO 2012\PROJECTS\JUNIHERZ\ENCODING\JUNIHERZENCODING\LABWORK1\DEBUG\XAMLTYPEINFO.IMPL.G.OBJ
