E:\DEV\VISUALSTUDIO2012\WIN32\ALGORITHMS\EXTRA\TASK2A\DEBUG\TASK2A.OBJ
E:\DEV\VISUALSTUDIO2012\WIN32\ALGORITHMS\EXTRA\TASK2A\DEBUG\VC110.PDB
E:\DEV\VISUALSTUDIO2012\WIN32\ALGORITHMS\EXTRA\DEBUG\TASK2A.ILK
E:\DEV\VISUALSTUDIO2012\WIN32\ALGORITHMS\EXTRA\DEBUG\TASK2A.EXE
E:\DEV\VISUALSTUDIO2012\WIN32\ALGORITHMS\EXTRA\DEBUG\TASK2A.PDB
E:\DEV\VISUALSTUDIO2012\WIN32\ALGORITHMS\EXTRA\DEBUG\TASK2A (PRIMES).ILK
E:\DEV\VISUALSTUDIO2012\WIN32\ALGORITHMS\EXTRA\DEBUG\TASK2A (PRIMES).EXE
E:\DEV\VISUALSTUDIO2012\WIN32\ALGORITHMS\EXTRA\DEBUG\TASK2A (PRIMES).PDB
E:\DEV\VisualStudio2012\Win32\Algorithms\Extra\Task2A\Debug\Task2A.obj
E:\DEV\VisualStudio2012\Win32\Algorithms\Extra\Task2A\Debug\cl.command.1.tlog
E:\DEV\VisualStudio2012\Win32\Algorithms\Extra\Task2A\Debug\CL.read.1.tlog
E:\DEV\VisualStudio2012\Win32\Algorithms\Extra\Task2A\Debug\CL.write.1.tlog
E:\DEV\VisualStudio2012\Win32\Algorithms\Extra\Task2A\Debug\link-cvtres.read.1.tlog
E:\DEV\VisualStudio2012\Win32\Algorithms\Extra\Task2A\Debug\link-cvtres.write.1.tlog
E:\DEV\VisualStudio2012\Win32\Algorithms\Extra\Task2A\Debug\link-rc.read.1.tlog
E:\DEV\VisualStudio2012\Win32\Algorithms\Extra\Task2A\Debug\link-rc.write.1.tlog
E:\DEV\VisualStudio2012\Win32\Algorithms\Extra\Task2A\Debug\link.1768-cvtres.read.1.tlog
E:\DEV\VisualStudio2012\Win32\Algorithms\Extra\Task2A\Debug\link.1768-cvtres.write.1.tlog
E:\DEV\VisualStudio2012\Win32\Algorithms\Extra\Task2A\Debug\link.1768-rc.read.1.tlog
E:\DEV\VisualStudio2012\Win32\Algorithms\Extra\Task2A\Debug\link.1768-rc.write.1.tlog
E:\DEV\VisualStudio2012\Win32\Algorithms\Extra\Task2A\Debug\link.1768.read.1.tlog
E:\DEV\VisualStudio2012\Win32\Algorithms\Extra\Task2A\Debug\link.1768.write.1.tlog
E:\DEV\VisualStudio2012\Win32\Algorithms\Extra\Task2A\Debug\link.2244-cvtres.read.1.tlog
E:\DEV\VisualStudio2012\Win32\Algorithms\Extra\Task2A\Debug\link.2244-cvtres.write.1.tlog
E:\DEV\VisualStudio2012\Win32\Algorithms\Extra\Task2A\Debug\link.2244-rc.read.1.tlog
E:\DEV\VisualStudio2012\Win32\Algorithms\Extra\Task2A\Debug\link.2244-rc.write.1.tlog
E:\DEV\VisualStudio2012\Win32\Algorithms\Extra\Task2A\Debug\link.2244.read.1.tlog
E:\DEV\VisualStudio2012\Win32\Algorithms\Extra\Task2A\Debug\link.2244.write.1.tlog
E:\DEV\VisualStudio2012\Win32\Algorithms\Extra\Task2A\Debug\link.2840-cvtres.read.1.tlog
E:\DEV\VisualStudio2012\Win32\Algorithms\Extra\Task2A\Debug\link.2840-cvtres.write.1.tlog
E:\DEV\VisualStudio2012\Win32\Algorithms\Extra\Task2A\Debug\link.2840-rc.read.1.tlog
E:\DEV\VisualStudio2012\Win32\Algorithms\Extra\Task2A\Debug\link.2840-rc.write.1.tlog
E:\DEV\VisualStudio2012\Win32\Algorithms\Extra\Task2A\Debug\link.2840.read.1.tlog
E:\DEV\VisualStudio2012\Win32\Algorithms\Extra\Task2A\Debug\link.2840.write.1.tlog
E:\DEV\VisualStudio2012\Win32\Algorithms\Extra\Task2A\Debug\link.2952-cvtres.read.1.tlog
E:\DEV\VisualStudio2012\Win32\Algorithms\Extra\Task2A\Debug\link.2952-cvtres.write.1.tlog
E:\DEV\VisualStudio2012\Win32\Algorithms\Extra\Task2A\Debug\link.2952-rc.read.1.tlog
E:\DEV\VisualStudio2012\Win32\Algorithms\Extra\Task2A\Debug\link.2952-rc.write.1.tlog
E:\DEV\VisualStudio2012\Win32\Algorithms\Extra\Task2A\Debug\link.2952.read.1.tlog
E:\DEV\VisualStudio2012\Win32\Algorithms\Extra\Task2A\Debug\link.2952.write.1.tlog
E:\DEV\VisualStudio2012\Win32\Algorithms\Extra\Task2A\Debug\link.command.1.tlog
E:\DEV\VisualStudio2012\Win32\Algorithms\Extra\Task2A\Debug\link.read.1.tlog
E:\DEV\VisualStudio2012\Win32\Algorithms\Extra\Task2A\Debug\link.write.1.tlog
E:\DEV\VisualStudio2012\Win32\Algorithms\Extra\Task2A\Debug\vc110.idb
E:\DEV\VisualStudio2012\Win32\Algorithms\Extra\Task2A\Debug\vc110.pdb
E:\DEV\VisualStudio2012\Win32\Algorithms\Extra\Debug\Task2A (Primes).pdb
E:\DEV\VisualStudio2012\Win32\Algorithms\Extra\Debug\Task2A (Primes).exe
E:\DEV\VisualStudio2012\Win32\Algorithms\Extra\Debug\Task2A (Primes).ilk
