E:\DEV\VISUALSTUDIO2012\WIN32\ALGORITHMS\EXTRA\TASK1C\DEBUG\TASK1C.OBJ
E:\DEV\VISUALSTUDIO2012\WIN32\ALGORITHMS\EXTRA\TASK1C\DEBUG\VC110.PDB
E:\DEV\VISUALSTUDIO2012\WIN32\ALGORITHMS\EXTRA\DEBUG\TASK1C.ILK
E:\DEV\VISUALSTUDIO2012\WIN32\ALGORITHMS\EXTRA\DEBUG\TASK1C.EXE
E:\DEV\VISUALSTUDIO2012\WIN32\ALGORITHMS\EXTRA\DEBUG\TASK1C.PDB
E:\DEV\VisualStudio2012\Win32\Algorithms\Extra\Task1C\Debug\Task1C.obj
E:\DEV\VisualStudio2012\Win32\Algorithms\Extra\Task1C\Debug\cl.command.1.tlog
E:\DEV\VisualStudio2012\Win32\Algorithms\Extra\Task1C\Debug\CL.read.1.tlog
E:\DEV\VisualStudio2012\Win32\Algorithms\Extra\Task1C\Debug\CL.write.1.tlog
E:\DEV\VisualStudio2012\Win32\Algorithms\Extra\Task1C\Debug\link-cvtres.read.1.tlog
E:\DEV\VisualStudio2012\Win32\Algorithms\Extra\Task1C\Debug\link-cvtres.write.1.tlog
E:\DEV\VisualStudio2012\Win32\Algorithms\Extra\Task1C\Debug\link-rc.read.1.tlog
E:\DEV\VisualStudio2012\Win32\Algorithms\Extra\Task1C\Debug\link-rc.write.1.tlog
E:\DEV\VisualStudio2012\Win32\Algorithms\Extra\Task1C\Debug\link.1012-cvtres.read.1.tlog
E:\DEV\VisualStudio2012\Win32\Algorithms\Extra\Task1C\Debug\link.1012-cvtres.write.1.tlog
E:\DEV\VisualStudio2012\Win32\Algorithms\Extra\Task1C\Debug\link.1012-rc.read.1.tlog
E:\DEV\VisualStudio2012\Win32\Algorithms\Extra\Task1C\Debug\link.1012-rc.write.1.tlog
E:\DEV\VisualStudio2012\Win32\Algorithms\Extra\Task1C\Debug\link.1012.read.1.tlog
E:\DEV\VisualStudio2012\Win32\Algorithms\Extra\Task1C\Debug\link.1012.write.1.tlog
E:\DEV\VisualStudio2012\Win32\Algorithms\Extra\Task1C\Debug\link.1356-cvtres.read.1.tlog
E:\DEV\VisualStudio2012\Win32\Algorithms\Extra\Task1C\Debug\link.1356-cvtres.write.1.tlog
E:\DEV\VisualStudio2012\Win32\Algorithms\Extra\Task1C\Debug\link.1356-rc.read.1.tlog
E:\DEV\VisualStudio2012\Win32\Algorithms\Extra\Task1C\Debug\link.1356-rc.write.1.tlog
E:\DEV\VisualStudio2012\Win32\Algorithms\Extra\Task1C\Debug\link.1356.read.1.tlog
E:\DEV\VisualStudio2012\Win32\Algorithms\Extra\Task1C\Debug\link.1356.write.1.tlog
E:\DEV\VisualStudio2012\Win32\Algorithms\Extra\Task1C\Debug\link.2732-cvtres.read.1.tlog
E:\DEV\VisualStudio2012\Win32\Algorithms\Extra\Task1C\Debug\link.2732-cvtres.write.1.tlog
E:\DEV\VisualStudio2012\Win32\Algorithms\Extra\Task1C\Debug\link.2732-rc.read.1.tlog
E:\DEV\VisualStudio2012\Win32\Algorithms\Extra\Task1C\Debug\link.2732-rc.write.1.tlog
E:\DEV\VisualStudio2012\Win32\Algorithms\Extra\Task1C\Debug\link.2732.read.1.tlog
E:\DEV\VisualStudio2012\Win32\Algorithms\Extra\Task1C\Debug\link.2732.write.1.tlog
E:\DEV\VisualStudio2012\Win32\Algorithms\Extra\Task1C\Debug\link.3516-cvtres.read.1.tlog
E:\DEV\VisualStudio2012\Win32\Algorithms\Extra\Task1C\Debug\link.3516-cvtres.write.1.tlog
E:\DEV\VisualStudio2012\Win32\Algorithms\Extra\Task1C\Debug\link.3516-rc.read.1.tlog
E:\DEV\VisualStudio2012\Win32\Algorithms\Extra\Task1C\Debug\link.3516-rc.write.1.tlog
E:\DEV\VisualStudio2012\Win32\Algorithms\Extra\Task1C\Debug\link.3516.read.1.tlog
E:\DEV\VisualStudio2012\Win32\Algorithms\Extra\Task1C\Debug\link.3516.write.1.tlog
E:\DEV\VisualStudio2012\Win32\Algorithms\Extra\Task1C\Debug\link.3536-cvtres.read.1.tlog
E:\DEV\VisualStudio2012\Win32\Algorithms\Extra\Task1C\Debug\link.3536-cvtres.write.1.tlog
E:\DEV\VisualStudio2012\Win32\Algorithms\Extra\Task1C\Debug\link.3536-rc.read.1.tlog
E:\DEV\VisualStudio2012\Win32\Algorithms\Extra\Task1C\Debug\link.3536-rc.write.1.tlog
E:\DEV\VisualStudio2012\Win32\Algorithms\Extra\Task1C\Debug\link.3536.read.1.tlog
E:\DEV\VisualStudio2012\Win32\Algorithms\Extra\Task1C\Debug\link.3536.write.1.tlog
E:\DEV\VisualStudio2012\Win32\Algorithms\Extra\Task1C\Debug\link.command.1.tlog
E:\DEV\VisualStudio2012\Win32\Algorithms\Extra\Task1C\Debug\link.read.1.tlog
E:\DEV\VisualStudio2012\Win32\Algorithms\Extra\Task1C\Debug\link.write.1.tlog
E:\DEV\VisualStudio2012\Win32\Algorithms\Extra\Task1C\Debug\vc110.idb
E:\DEV\VisualStudio2012\Win32\Algorithms\Extra\Task1C\Debug\vc110.pdb
E:\DEV\VisualStudio2012\Win32\Algorithms\Extra\Debug\Task1C.pdb
E:\DEV\VisualStudio2012\Win32\Algorithms\Extra\Debug\Task1C.exe
E:\DEV\VisualStudio2012\Win32\Algorithms\Extra\Debug\Task1C.ilk
