E:\DEV\VISUALSTUDIO2012\WIN32\ALGORITHMS\EXTRA\TASK1C\DEBUG\TASK1C.OBJ
E:\DEV\VISUALSTUDIO2012\WIN32\ALGORITHMS\EXTRA\TASK1C\DEBUG\VC110.PDB
E:\DEV\VISUALSTUDIO2012\WIN32\ALGORITHMS\EXTRA\DEBUG\TASK1C.ILK
E:\DEV\VISUALSTUDIO2012\WIN32\ALGORITHMS\EXTRA\DEBUG\TASK1C.EXE
E:\DEV\VISUALSTUDIO2012\WIN32\ALGORITHMS\EXTRA\DEBUG\TASK1C.PDB
E:\DEV\VisualStudio2012\Win32\Algorithms\Extra\Task1C\Debug\Task1C.obj
E:\DEV\VisualStudio2012\Win32\Algorithms\Extra\Task1C\Debug\cl.command.1.tlog
E:\DEV\VisualStudio2012\Win32\Algorithms\Extra\Task1C\Debug\CL.read.1.tlog
E:\DEV\VisualStudio2012\Win32\Algorithms\Extra\Task1C\Debug\CL.write.1.tlog
E:\DEV\VisualStudio2012\Win32\Algorithms\Extra\Task1C\Debug\link-cvtres.read.1.tlog
E:\DEV\VisualStudio2012\Win32\Algorithms\Extra\Task1C\Debug\link-cvtres.write.1.tlog
E:\DEV\VisualStudio2012\Win32\Algorithms\Extra\Task1C\Debug\link-rc.read.1.tlog
E:\DEV\VisualStudio2012\Win32\Algorithms\Extra\Task1C\Debug\link-rc.write.1.tlog
E:\DEV\VisualStudio2012\Win32\Algorithms\Extra\Task1C\Debug\link.2100-cvtres.read.1.tlog
E:\DEV\VisualStudio2012\Win32\Algorithms\Extra\Task1C\Debug\link.2100-cvtres.write.1.tlog
E:\DEV\VisualStudio2012\Win32\Algorithms\Extra\Task1C\Debug\link.2100-rc.read.1.tlog
E:\DEV\VisualStudio2012\Win32\Algorithms\Extra\Task1C\Debug\link.2100-rc.write.1.tlog
E:\DEV\VisualStudio2012\Win32\Algorithms\Extra\Task1C\Debug\link.2100.read.1.tlog
E:\DEV\VisualStudio2012\Win32\Algorithms\Extra\Task1C\Debug\link.2100.write.1.tlog
E:\DEV\VisualStudio2012\Win32\Algorithms\Extra\Task1C\Debug\link.2192-cvtres.read.1.tlog
E:\DEV\VisualStudio2012\Win32\Algorithms\Extra\Task1C\Debug\link.2192-cvtres.write.1.tlog
E:\DEV\VisualStudio2012\Win32\Algorithms\Extra\Task1C\Debug\link.2192-rc.read.1.tlog
E:\DEV\VisualStudio2012\Win32\Algorithms\Extra\Task1C\Debug\link.2192-rc.write.1.tlog
E:\DEV\VisualStudio2012\Win32\Algorithms\Extra\Task1C\Debug\link.2192.read.1.tlog
E:\DEV\VisualStudio2012\Win32\Algorithms\Extra\Task1C\Debug\link.2192.write.1.tlog
E:\DEV\VisualStudio2012\Win32\Algorithms\Extra\Task1C\Debug\link.3460-cvtres.read.1.tlog
E:\DEV\VisualStudio2012\Win32\Algorithms\Extra\Task1C\Debug\link.3460-cvtres.write.1.tlog
E:\DEV\VisualStudio2012\Win32\Algorithms\Extra\Task1C\Debug\link.3460-rc.read.1.tlog
E:\DEV\VisualStudio2012\Win32\Algorithms\Extra\Task1C\Debug\link.3460-rc.write.1.tlog
E:\DEV\VisualStudio2012\Win32\Algorithms\Extra\Task1C\Debug\link.3460.read.1.tlog
E:\DEV\VisualStudio2012\Win32\Algorithms\Extra\Task1C\Debug\link.3460.write.1.tlog
E:\DEV\VisualStudio2012\Win32\Algorithms\Extra\Task1C\Debug\link.command.1.tlog
E:\DEV\VisualStudio2012\Win32\Algorithms\Extra\Task1C\Debug\link.read.1.tlog
E:\DEV\VisualStudio2012\Win32\Algorithms\Extra\Task1C\Debug\link.write.1.tlog
E:\DEV\VisualStudio2012\Win32\Algorithms\Extra\Task1C\Debug\vc110.idb
E:\DEV\VisualStudio2012\Win32\Algorithms\Extra\Task1C\Debug\vc110.pdb
