E:\DEV\VISUALSTUDIO2012\WIN32\ALGORITHMS\EXTRA\TASK2B (PERMUT)\DEBUG\TASK2B.OBJ
E:\DEV\VISUALSTUDIO2012\WIN32\ALGORITHMS\EXTRA\TASK2B (PERMUT)\DEBUG\VC110.PDB
E:\DEV\VISUALSTUDIO2012\WIN32\ALGORITHMS\EXTRA\DEBUG\TASK2B (PERMUT).ILK
E:\DEV\VISUALSTUDIO2012\WIN32\ALGORITHMS\EXTRA\DEBUG\TASK2B (PERMUT).EXE
E:\DEV\VISUALSTUDIO2012\WIN32\ALGORITHMS\EXTRA\DEBUG\TASK2B (PERMUT).PDB
E:\DEV\VisualStudio2012\Win32\Algorithms\Extra\Task2B (Permut)\Debug\Task2B.obj
E:\DEV\VisualStudio2012\Win32\Algorithms\Extra\Task2B (Permut)\Debug\cl.command.1.tlog
E:\DEV\VisualStudio2012\Win32\Algorithms\Extra\Task2B (Permut)\Debug\CL.read.1.tlog
E:\DEV\VisualStudio2012\Win32\Algorithms\Extra\Task2B (Permut)\Debug\CL.write.1.tlog
E:\DEV\VisualStudio2012\Win32\Algorithms\Extra\Task2B (Permut)\Debug\link-cvtres.read.1.tlog
E:\DEV\VisualStudio2012\Win32\Algorithms\Extra\Task2B (Permut)\Debug\link-cvtres.write.1.tlog
E:\DEV\VisualStudio2012\Win32\Algorithms\Extra\Task2B (Permut)\Debug\link-rc.read.1.tlog
E:\DEV\VisualStudio2012\Win32\Algorithms\Extra\Task2B (Permut)\Debug\link-rc.write.1.tlog
E:\DEV\VisualStudio2012\Win32\Algorithms\Extra\Task2B (Permut)\Debug\link.1440-cvtres.read.1.tlog
E:\DEV\VisualStudio2012\Win32\Algorithms\Extra\Task2B (Permut)\Debug\link.1440-cvtres.write.1.tlog
E:\DEV\VisualStudio2012\Win32\Algorithms\Extra\Task2B (Permut)\Debug\link.1440-rc.read.1.tlog
E:\DEV\VisualStudio2012\Win32\Algorithms\Extra\Task2B (Permut)\Debug\link.1440-rc.write.1.tlog
E:\DEV\VisualStudio2012\Win32\Algorithms\Extra\Task2B (Permut)\Debug\link.1440.read.1.tlog
E:\DEV\VisualStudio2012\Win32\Algorithms\Extra\Task2B (Permut)\Debug\link.1440.write.1.tlog
E:\DEV\VisualStudio2012\Win32\Algorithms\Extra\Task2B (Permut)\Debug\link.3176-cvtres.read.1.tlog
E:\DEV\VisualStudio2012\Win32\Algorithms\Extra\Task2B (Permut)\Debug\link.3176-cvtres.write.1.tlog
E:\DEV\VisualStudio2012\Win32\Algorithms\Extra\Task2B (Permut)\Debug\link.3176-rc.read.1.tlog
E:\DEV\VisualStudio2012\Win32\Algorithms\Extra\Task2B (Permut)\Debug\link.3176-rc.write.1.tlog
E:\DEV\VisualStudio2012\Win32\Algorithms\Extra\Task2B (Permut)\Debug\link.3176.read.1.tlog
E:\DEV\VisualStudio2012\Win32\Algorithms\Extra\Task2B (Permut)\Debug\link.3176.write.1.tlog
E:\DEV\VisualStudio2012\Win32\Algorithms\Extra\Task2B (Permut)\Debug\link.command.1.tlog
E:\DEV\VisualStudio2012\Win32\Algorithms\Extra\Task2B (Permut)\Debug\link.read.1.tlog
E:\DEV\VisualStudio2012\Win32\Algorithms\Extra\Task2B (Permut)\Debug\link.write.1.tlog
E:\DEV\VisualStudio2012\Win32\Algorithms\Extra\Task2B (Permut)\Debug\vc110.idb
E:\DEV\VisualStudio2012\Win32\Algorithms\Extra\Task2B (Permut)\Debug\vc110.pdb
E:\DEV\VisualStudio2012\Win32\Algorithms\Extra\Debug\Task2B (Permut).pdb
E:\DEV\VisualStudio2012\Win32\Algorithms\Extra\Debug\Task2B (Permut).exe
E:\DEV\VisualStudio2012\Win32\Algorithms\Extra\Debug\Task2B (Permut).ilk
